Using pre-set license
Built from '2020.3/china_unity/release' branch; Version is '2021.3.41f1c1 (abf9ed549ceb) revision 11270637'; Using compiler version '192829333'; Build Type 'Release'
OS: 'Windows 10  (10.0.19043) 64bit Professional' Language: 'zh' Physical Memory: 65440 MB
BatchMode: 1, IsHumanControllingUs: 0, StartBugReporterOnCrash: 0, Is64bit: 1, IsPro: 1

COMMAND LINE ARGUMENTS:
D:\Unity Hub\Editor\2021.3.41f1c1\Editor\Unity.exe
-adb2
-batchMode
-noUpm
-name
AssetImportWorker0
-projectPath
D:/UnityProject/2D-Mountaineering Racing
-logFile
Logs/AssetImportWorker0.log
-srvPort
49987
Successfully changed project path to: D:/UnityProject/2D-Mountaineering Racing
D:/UnityProject/2D-Mountaineering Racing
[UnityMemory] Configuration Parameters - Can be set up in boot.config
    "memorysetup-bucket-allocator-granularity=16"
    "memorysetup-bucket-allocator-bucket-count=8"
    "memorysetup-bucket-allocator-block-size=33554432"
    "memorysetup-bucket-allocator-block-count=8"
    "memorysetup-main-allocator-block-size=16777216"
    "memorysetup-thread-allocator-block-size=16777216"
    "memorysetup-gfx-main-allocator-block-size=16777216"
    "memorysetup-gfx-thread-allocator-block-size=16777216"
    "memorysetup-cache-allocator-block-size=4194304"
    "memorysetup-typetree-allocator-block-size=2097152"
    "memorysetup-profiler-bucket-allocator-granularity=16"
    "memorysetup-profiler-bucket-allocator-bucket-count=8"
    "memorysetup-profiler-bucket-allocator-block-size=33554432"
    "memorysetup-profiler-bucket-allocator-block-count=8"
    "memorysetup-profiler-allocator-block-size=16777216"
    "memorysetup-profiler-editor-allocator-block-size=1048576"
    "memorysetup-temp-allocator-size-main=16777216"
    "memorysetup-job-temp-allocator-block-size=2097152"
    "memorysetup-job-temp-allocator-block-size-background=1048576"
    "memorysetup-job-temp-allocator-reduction-small-platforms=262144"
    "memorysetup-temp-allocator-size-background-worker=32768"
    "memorysetup-temp-allocator-size-job-worker=262144"
    "memorysetup-temp-allocator-size-preload-manager=33554432"
    "memorysetup-temp-allocator-size-nav-mesh-worker=65536"
    "memorysetup-temp-allocator-size-audio-worker=65536"
    "memorysetup-temp-allocator-size-cloud-worker=32768"
    "memorysetup-temp-allocator-size-gi-baking-worker=262144"
    "memorysetup-temp-allocator-size-gfx=262144"
Player connection [5008] Host "[IP] 192.168.31.204 [Port] 0 [Flags] 2 [Guid] 4167718905 [EditorId] 4167718905 [Version] 1048832 [Id] WindowsEditor(7,BF-202501021008) [Debug] 1 [PackageName] WindowsEditor [ProjectName] Editor" joined multi-casting on [225.0.0.222:54997]...

Player connection [5008] Host "[IP] 192.168.31.204 [Port] 0 [Flags] 2 [Guid] 4167718905 [EditorId] 4167718905 [Version] 1048832 [Id] WindowsEditor(7,BF-202501021008) [Debug] 1 [PackageName] WindowsEditor [ProjectName] Editor" joined alternative multi-casting on [225.0.0.222:34997]...

AS: AutoStreaming module initializing.
[Physics::Module] Initialized MultithreadedJobDispatcher with {0} workers.
Refreshing native plugins compatible for Editor in 87.07 ms, found 4 plugins.
Preloading 0 native plugins for Editor in 0.00 ms.
Initialize engine version: 2021.3.41f1c1 (abf9ed549ceb)
[Subsystems] Discovering subsystems at path D:/Unity Hub/Editor/2021.3.41f1c1/Editor/Data/Resources/UnitySubsystems
[Subsystems] Discovering subsystems at path D:/UnityProject/2D-Mountaineering Racing/Assets
GfxDevice: creating device client; threaded=0; jobified=0
Direct3D:
    Version:  Direct3D 11.0 [level 11.1]
    Renderer: NVIDIA GeForce GTX 1050 (ID=0x1c8d)
    Vendor:   NVIDIA
    VRAM:     4004 MB
    Driver:   32.0.15.6636
Initialize mono
Mono path[0] = 'D:/Unity Hub/Editor/2021.3.41f1c1/Editor/Data/Managed'
Mono path[1] = 'D:/Unity Hub/Editor/2021.3.41f1c1/Editor/Data/MonoBleedingEdge/lib/mono/unityjit-win32'
Mono config path = 'D:/Unity Hub/Editor/2021.3.41f1c1/Editor/Data/MonoBleedingEdge/etc'
Using monoOptions --debugger-agent=transport=dt_socket,embedding=1,server=y,suspend=n,address=127.0.0.1:56144
Begin MonoManager ReloadAssembly
Registering precompiled unity dll's ...
Register platform support module: D:/Unity Hub/Editor/2021.3.41f1c1/Editor/Data/PlaybackEngines/WebGLSupport/UnityEditor.WebGL.Extensions.dll
Register platform support module: D:/Unity Hub/Editor/2021.3.41f1c1/Editor/Data/PlaybackEngines/WindowsStandaloneSupport/UnityEditor.WindowsStandalone.Extensions.dll
Registered in 0.004564 seconds.
Native extension for WindowsStandalone target not found
Native extension for WebGL target not found
Refreshing native plugins compatible for Editor in 90.60 ms, found 4 plugins.
Preloading 0 native plugins for Editor in 0.00 ms.
Mono: successfully reloaded assembly
- Completed reload, in  0.823 seconds
Domain Reload Profiling:
	ReloadAssembly (824ms)
		BeginReloadAssembly (121ms)
			ExecutionOrderSort (0ms)
			DisableScriptedObjects (0ms)
			BackupInstance (0ms)
			ReleaseScriptingObjects (0ms)
			CreateAndSetChildDomain (1ms)
		EndReloadAssembly (583ms)
			LoadAssemblies (118ms)
			RebuildTransferFunctionScriptingTraits (0ms)
			SetupTypeCache (144ms)
			ReleaseScriptCaches (0ms)
			RebuildScriptCaches (38ms)
			SetupLoadedEditorAssemblies (346ms)
				LogAssemblyErrors (0ms)
				InitializePlatformSupportModulesInManaged (10ms)
				SetLoadedEditorAssemblies (0ms)
				RefreshPlugins (91ms)
				BeforeProcessingInitializeOnLoad (2ms)
				ProcessInitializeOnLoadAttributes (182ms)
				ProcessInitializeOnLoadMethodAttributes (61ms)
				AfterProcessingInitializeOnLoad (0ms)
				EditorAssembliesLoaded (0ms)
			ExecutionOrderSort2 (0ms)
			AwakeInstancesAfterBackupRestoration (0ms)
Platform modules already initialized, skipping
Registering precompiled user dll's ...
Registered in 0.010072 seconds.
Begin MonoManager ReloadAssembly
Native extension for WindowsStandalone target not found
Native extension for WebGL target not found
Refreshing native plugins compatible for Editor in 83.38 ms, found 4 plugins.
Preloading 0 native plugins for Editor in 0.00 ms.
Package Manager log level set to [2]
[Package Manager] Server::EnsureServerProcessIsRunning -- launch failed, reason: Unity was launched with the -noUpm command-line argument
[Package Manager] Cannot connect to Unity Package Manager local server
Mono: successfully reloaded assembly
- Completed reload, in  1.874 seconds
Domain Reload Profiling:
	ReloadAssembly (1875ms)
		BeginReloadAssembly (173ms)
			ExecutionOrderSort (0ms)
			DisableScriptedObjects (9ms)
			BackupInstance (0ms)
			ReleaseScriptingObjects (0ms)
			CreateAndSetChildDomain (29ms)
		EndReloadAssembly (1564ms)
			LoadAssemblies (123ms)
			RebuildTransferFunctionScriptingTraits (0ms)
			SetupTypeCache (320ms)
			ReleaseScriptCaches (1ms)
			RebuildScriptCaches (79ms)
			SetupLoadedEditorAssemblies (1005ms)
				LogAssemblyErrors (0ms)
				InitializePlatformSupportModulesInManaged (6ms)
				SetLoadedEditorAssemblies (0ms)
				RefreshPlugins (83ms)
				BeforeProcessingInitializeOnLoad (95ms)
				ProcessInitializeOnLoadAttributes (765ms)
				ProcessInitializeOnLoadMethodAttributes (48ms)
				AfterProcessingInitializeOnLoad (7ms)
				EditorAssembliesLoaded (0ms)
			ExecutionOrderSort2 (0ms)
			AwakeInstancesAfterBackupRestoration (7ms)
Platform modules already initialized, skipping
========================================================================
Worker process is ready to serve import requests
Launched and connected shader compiler UnityShaderCompiler.exe after 0.06 seconds
Refreshing native plugins compatible for Editor in 1.01 ms, found 4 plugins.
Preloading 0 native plugins for Editor in 0.00 ms.
Unloading 3870 Unused Serialized files (Serialized files now loaded: 0)
Unloading 37 unused Assets / (46.5 KB). Loaded Objects now: 4334.
Memory consumption went from 150.7 MB to 150.7 MB.
Total: 4.091200 ms (FindLiveObjects: 0.409900 ms CreateObjectMapping: 0.220600 ms MarkObjects: 3.374500 ms  DeleteObjects: 0.085000 ms)

AssetImportParameters requested are different than current active one (requested -> active):
  custom:video-decoder-ogg-theora: a1e56fd34408186e4bbccfd4996cb3dc -> 
  custom:container-muxer-webm: aa71ff27fc2769a1b78a27578f13a17b -> 
  custom:container-demuxer-webm: 4f35f7cbe854078d1ac9338744f61a02 -> 
  custom:video-encoder-webm-vp8: eb34c28f22e8b96e1ab97ce403110664 -> 
  custom:CustomObjectIndexerAttribute: bc11b3a6c3213fcdd17b65e7da85e133 -> 
  custom:audio-encoder-webm-vorbis: bf7c407c2cedff20999df2af8eb42d56 -> 
  custom:framework-win-MediaFoundation: 216162199b28c13a410421893ffa2e32 -> 
  custom:SearchIndexIgnoredProperties: e643bd26f0fe6173181afceb89e7c659 -> 
  custom:container-demuxer-ogg: 62fdf1f143b41e24485cea50d1cbac27 -> 
  custom:video-decoder-webm-vp8: 9c59270c3fd7afecdb556c50c9e8de78 -> 
  custom:audio-decoder-ogg-vorbis: bf7c407c2cedff20999df2af8eb42d56 -> 
========================================================================
Received Import Request.
  Time since last request: 901.178386 seconds.
  path: Assets/2D Racing Game/Scripts
  artifactKey: Guid(26af8d53a6dbde142bf34e3da351bbea) Importer(815301076,1909f56bfc062723c751e8b465ee728b)
Number of updated assets reloaded before import = 0
Start importing Assets/2D Racing Game/Scripts using Guid(26af8d53a6dbde142bf34e3da351bbea) Importer(815301076,1909f56bfc062723c751e8b465ee728b)  -> (artifact id: '2976545c62d8fd271b43e631b565a5e3') in 0.010158 seconds 
Number of asset objects unloaded after import = 0
========================================================================
Received Import Request.
  Time since last request: 8.811129 seconds.
  path: Assets/2D Racing Game/Scenes/MainMenuSettings.lighting
  artifactKey: Guid(8253b8afa41bf6d479c919bcb243c381) Importer(815301076,1909f56bfc062723c751e8b465ee728b)
Number of updated assets reloaded before import = 0
Start importing Assets/2D Racing Game/Scenes/MainMenuSettings.lighting using Guid(8253b8afa41bf6d479c919bcb243c381) Importer(815301076,1909f56bfc062723c751e8b465ee728b) LightingSettings: switching bake backend from 1 to 0.
 -> (artifact id: '8db630c28bcdec9f466fb8d7f13f2e9f') in 0.030483 seconds 
Number of asset objects unloaded after import = 1
========================================================================
Received Import Request.
  Time since last request: 1.727784 seconds.
  path: Assets/2D Racing Game/Scenes/MainMenu.unity
  artifactKey: Guid(3f6e172e1d3b26d42a487cff0d1a3983) Importer(815301076,1909f56bfc062723c751e8b465ee728b)
Number of updated assets reloaded before import = 0
Start importing Assets/2D Racing Game/Scenes/MainMenu.unity using Guid(3f6e172e1d3b26d42a487cff0d1a3983) Importer(815301076,1909f56bfc062723c751e8b465ee728b)  -> (artifact id: '42eda44eb92245020deb9105fbad14d1') in 0.001698 seconds 
Number of asset objects unloaded after import = 0
========================================================================
Received Import Request.
  Time since last request: 2.392863 seconds.
  path: Assets/2D Racing Game/Scenes/Level6Settings.lighting
  artifactKey: Guid(56db6f5cfd5f77c4dafb73d6cb01dab4) Importer(815301076,1909f56bfc062723c751e8b465ee728b)
Number of updated assets reloaded before import = 0
Start importing Assets/2D Racing Game/Scenes/Level6Settings.lighting using Guid(56db6f5cfd5f77c4dafb73d6cb01dab4) Importer(815301076,1909f56bfc062723c751e8b465ee728b) LightingSettings: switching bake backend from 1 to 0.
 -> (artifact id: 'b0469775653d2208fb5c451f12516253') in 0.002519 seconds 
Number of asset objects unloaded after import = 1
========================================================================
Received Prepare
Registering precompiled user dll's ...
Registered in 0.009771 seconds.
Begin MonoManager ReloadAssembly
Native extension for WindowsStandalone target not found
Native extension for WebGL target not found
Refreshing native plugins compatible for Editor in 0.97 ms, found 4 plugins.
Preloading 0 native plugins for Editor in 0.00 ms.
[Package Manager] Server::EnsureServerProcessIsRunning -- launch failed, reason: Unity was launched with the -noUpm command-line argument
[Package Manager] Cannot connect to Unity Package Manager local server
Mono: successfully reloaded assembly
- Completed reload, in  1.730 seconds
Domain Reload Profiling:
	ReloadAssembly (1731ms)
		BeginReloadAssembly (206ms)
			ExecutionOrderSort (0ms)
			DisableScriptedObjects (9ms)
			BackupInstance (0ms)
			ReleaseScriptingObjects (0ms)
			CreateAndSetChildDomain (61ms)
		EndReloadAssembly (1399ms)
			LoadAssemblies (130ms)
			RebuildTransferFunctionScriptingTraits (0ms)
			SetupTypeCache (321ms)
			ReleaseScriptCaches (2ms)
			RebuildScriptCaches (60ms)
			SetupLoadedEditorAssemblies (862ms)
				LogAssemblyErrors (0ms)
				InitializePlatformSupportModulesInManaged (7ms)
				SetLoadedEditorAssemblies (1ms)
				RefreshPlugins (1ms)
				BeforeProcessingInitializeOnLoad (79ms)
				ProcessInitializeOnLoadAttributes (716ms)
				ProcessInitializeOnLoadMethodAttributes (50ms)
				AfterProcessingInitializeOnLoad (8ms)
				EditorAssembliesLoaded (0ms)
			ExecutionOrderSort2 (0ms)
			AwakeInstancesAfterBackupRestoration (8ms)
Platform modules already initialized, skipping
Refreshing native plugins compatible for Editor in 0.73 ms, found 4 plugins.
Preloading 0 native plugins for Editor in 0.00 ms.
Unloading 3859 Unused Serialized files (Serialized files now loaded: 0)
Unloading 26 unused Assets / (21.9 KB). Loaded Objects now: 4338.
Memory consumption went from 149.8 MB to 149.8 MB.
Total: 4.944600 ms (FindLiveObjects: 0.404500 ms CreateObjectMapping: 0.221400 ms MarkObjects: 4.280600 ms  DeleteObjects: 0.036700 ms)

AssetImportParameters requested are different than current active one (requested -> active):
  custom:video-decoder-ogg-theora: a1e56fd34408186e4bbccfd4996cb3dc -> 
  custom:container-muxer-webm: aa71ff27fc2769a1b78a27578f13a17b -> 
  custom:container-demuxer-webm: 4f35f7cbe854078d1ac9338744f61a02 -> 
  custom:video-encoder-webm-vp8: eb34c28f22e8b96e1ab97ce403110664 -> 
  custom:CustomObjectIndexerAttribute: bc11b3a6c3213fcdd17b65e7da85e133 -> 
  custom:audio-encoder-webm-vorbis: bf7c407c2cedff20999df2af8eb42d56 -> 
  custom:framework-win-MediaFoundation: 216162199b28c13a410421893ffa2e32 -> 
  custom:SearchIndexIgnoredProperties: e643bd26f0fe6173181afceb89e7c659 -> 
  custom:container-demuxer-ogg: 62fdf1f143b41e24485cea50d1cbac27 -> 
  custom:video-decoder-webm-vp8: 9c59270c3fd7afecdb556c50c9e8de78 -> 
  custom:audio-decoder-ogg-vorbis: bf7c407c2cedff20999df2af8eb42d56 -> 
========================================================================
Received Prepare
Registering precompiled user dll's ...
Registered in 0.010337 seconds.
Begin MonoManager ReloadAssembly
Native extension for WindowsStandalone target not found
Native extension for WebGL target not found
Refreshing native plugins compatible for Editor in 1.00 ms, found 4 plugins.
Preloading 0 native plugins for Editor in 0.00 ms.
[Package Manager] Server::EnsureServerProcessIsRunning -- launch failed, reason: Unity was launched with the -noUpm command-line argument
[Package Manager] Cannot connect to Unity Package Manager local server
Mono: successfully reloaded assembly
- Completed reload, in  1.790 seconds
Domain Reload Profiling:
	ReloadAssembly (1790ms)
		BeginReloadAssembly (228ms)
			ExecutionOrderSort (0ms)
			DisableScriptedObjects (10ms)
			BackupInstance (0ms)
			ReleaseScriptingObjects (0ms)
			CreateAndSetChildDomain (57ms)
		EndReloadAssembly (1416ms)
			LoadAssemblies (151ms)
			RebuildTransferFunctionScriptingTraits (0ms)
			SetupTypeCache (322ms)
			ReleaseScriptCaches (2ms)
			RebuildScriptCaches (59ms)
			SetupLoadedEditorAssemblies (872ms)
				LogAssemblyErrors (0ms)
				InitializePlatformSupportModulesInManaged (7ms)
				SetLoadedEditorAssemblies (1ms)
				RefreshPlugins (1ms)
				BeforeProcessingInitializeOnLoad (78ms)
				ProcessInitializeOnLoadAttributes (727ms)
				ProcessInitializeOnLoadMethodAttributes (50ms)
				AfterProcessingInitializeOnLoad (8ms)
				EditorAssembliesLoaded (0ms)
			ExecutionOrderSort2 (0ms)
			AwakeInstancesAfterBackupRestoration (9ms)
Platform modules already initialized, skipping
Refreshing native plugins compatible for Editor in 1.26 ms, found 4 plugins.
Preloading 0 native plugins for Editor in 0.00 ms.
Unloading 3906 Unused Serialized files (Serialized files now loaded: 0)
Unloading 39 unused Assets / (0.7 MB). Loaded Objects now: 4375.
Memory consumption went from 153.1 MB to 152.4 MB.
Total: 4.306300 ms (FindLiveObjects: 0.364200 ms CreateObjectMapping: 0.202800 ms MarkObjects: 3.336100 ms  DeleteObjects: 0.402400 ms)

AssetImportParameters requested are different than current active one (requested -> active):
  custom:video-decoder-ogg-theora: a1e56fd34408186e4bbccfd4996cb3dc -> 
  custom:container-muxer-webm: aa71ff27fc2769a1b78a27578f13a17b -> 
  custom:container-demuxer-webm: 4f35f7cbe854078d1ac9338744f61a02 -> 
  custom:video-encoder-webm-vp8: eb34c28f22e8b96e1ab97ce403110664 -> 
  custom:CustomObjectIndexerAttribute: bc11b3a6c3213fcdd17b65e7da85e133 -> 
  custom:audio-encoder-webm-vorbis: bf7c407c2cedff20999df2af8eb42d56 -> 
  custom:framework-win-MediaFoundation: 216162199b28c13a410421893ffa2e32 -> 
  custom:SearchIndexIgnoredProperties: e643bd26f0fe6173181afceb89e7c659 -> 
  custom:container-demuxer-ogg: 62fdf1f143b41e24485cea50d1cbac27 -> 
  custom:video-decoder-webm-vp8: 9c59270c3fd7afecdb556c50c9e8de78 -> 
  custom:audio-decoder-ogg-vorbis: bf7c407c2cedff20999df2af8eb42d56 -> 
========================================================================
Received Import Request.
  Time since last request: 192.531971 seconds.
  path: Assets/2D Racing Game/Sprites
  artifactKey: Guid(417a2c02b9429fe45b1199ab30e41d9d) Importer(815301076,1909f56bfc062723c751e8b465ee728b)
Number of updated assets reloaded before import = 0
Start importing Assets/2D Racing Game/Sprites using Guid(417a2c02b9429fe45b1199ab30e41d9d) Importer(815301076,1909f56bfc062723c751e8b465ee728b)  -> (artifact id: '75b306be73de34a975a16e54e98a5334') in 0.010783 seconds 
Number of asset objects unloaded after import = 0
========================================================================
Received Import Request.
  Time since last request: 4.590379 seconds.
  path: Assets/2D Racing Game/Sprites/UI
  artifactKey: Guid(b00e3b67dfdae684aab357f9f2293e4c) Importer(815301076,1909f56bfc062723c751e8b465ee728b)
Number of updated assets reloaded before import = 0
Start importing Assets/2D Racing Game/Sprites/UI using Guid(b00e3b67dfdae684aab357f9f2293e4c) Importer(815301076,1909f56bfc062723c751e8b465ee728b)  -> (artifact id: 'b824a01f5c730335f223278f86c16ead') in 0.002090 seconds 
Number of asset objects unloaded after import = 0
========================================================================
Received Import Request.
  Time since last request: 0.087683 seconds.
  path: Assets/2D Racing Game/Sprites/UI/1.png
  artifactKey: Guid(67d91e083e3b8c34c91ebd55c3ba92a0) Importer(815301076,1909f56bfc062723c751e8b465ee728b)
Number of updated assets reloaded before import = 0
Start importing Assets/2D Racing Game/Sprites/UI/1.png using Guid(67d91e083e3b8c34c91ebd55c3ba92a0) Importer(815301076,1909f56bfc062723c751e8b465ee728b)  -> (artifact id: '58f6642ac48ef9146859cd5dcad6c2c0') in 0.180164 seconds 
Number of asset objects unloaded after import = 3
========================================================================
Received Import Request.
  Time since last request: 0.000021 seconds.
  path: Assets/2D Racing Game/Sprites/UI/gas_station.png
  artifactKey: Guid(6801bab69a439e14ea0167b7abca8582) Importer(815301076,1909f56bfc062723c751e8b465ee728b)
Number of updated assets reloaded before import = 0
Start importing Assets/2D Racing Game/Sprites/UI/gas_station.png using Guid(6801bab69a439e14ea0167b7abca8582) Importer(815301076,1909f56bfc062723c751e8b465ee728b)  -> (artifact id: '6f1489d4c8e24695689d12641707f388') in 0.031343 seconds 
Number of asset objects unloaded after import = 3
========================================================================
Received Import Request.
  Time since last request: 0.000025 seconds.
  path: Assets/2D Racing Game/Sprites/UI/fuel-pump-icon.png
  artifactKey: Guid(4f88aeb750b352a45b45565a173272fb) Importer(815301076,1909f56bfc062723c751e8b465ee728b)
Number of updated assets reloaded before import = 0
Start importing Assets/2D Racing Game/Sprites/UI/fuel-pump-icon.png using Guid(4f88aeb750b352a45b45565a173272fb) Importer(815301076,1909f56bfc062723c751e8b465ee728b)  -> (artifact id: 'c83735373aa9611c89113f0feb6a23bd') in 0.016088 seconds 
Number of asset objects unloaded after import = 3
========================================================================
Received Import Request.
  Time since last request: 0.000033 seconds.
  path: Assets/2D Racing Game/Sprites/UI/arrow-icon.png
  artifactKey: Guid(62be45e25622612418467eae04d35fb8) Importer(815301076,1909f56bfc062723c751e8b465ee728b)
Number of updated assets reloaded before import = 0
Start importing Assets/2D Racing Game/Sprites/UI/arrow-icon.png using Guid(62be45e25622612418467eae04d35fb8) Importer(815301076,1909f56bfc062723c751e8b465ee728b)  -> (artifact id: '16eb74d109e5e34ecf53f9280982a9d7') in 0.029045 seconds 
Number of asset objects unloaded after import = 3
========================================================================
Received Import Request.
  Time since last request: 0.000024 seconds.
  path: Assets/2D Racing Game/Sprites/UI/Gas__Pressed.png
  artifactKey: Guid(acd79e817692c74428d5b559e5e4489b) Importer(815301076,1909f56bfc062723c751e8b465ee728b)
Number of updated assets reloaded before import = 0
Start importing Assets/2D Racing Game/Sprites/UI/Gas__Pressed.png using Guid(acd79e817692c74428d5b559e5e4489b) Importer(815301076,1909f56bfc062723c751e8b465ee728b)  -> (artifact id: 'a906b72d7bfb88c8e4eff0064bcf35eb') in 0.027299 seconds 
Number of asset objects unloaded after import = 3
========================================================================
Received Import Request.
  Time since last request: 0.000021 seconds.
  path: Assets/2D Racing Game/Sprites/UI/Untitled-1.png
  artifactKey: Guid(2a391439a2f893b46a00b3a6d2efe915) Importer(815301076,1909f56bfc062723c751e8b465ee728b)
Number of updated assets reloaded before import = 0
Start importing Assets/2D Racing Game/Sprites/UI/Untitled-1.png using Guid(2a391439a2f893b46a00b3a6d2efe915) Importer(815301076,1909f56bfc062723c751e8b465ee728b)  -> (artifact id: 'c4334c5e326d3a4b914879171b97ee51') in 0.016574 seconds 
Number of asset objects unloaded after import = 3
========================================================================
Received Import Request.
  Time since last request: 0.000025 seconds.
  path: Assets/2D Racing Game/Sprites/UI/Gas.psd
  artifactKey: Guid(edd806348a2d2754d83da04e26cbe3f9) Importer(815301076,1909f56bfc062723c751e8b465ee728b)
Number of updated assets reloaded before import = 0
Start importing Assets/2D Racing Game/Sprites/UI/Gas.psd using Guid(edd806348a2d2754d83da04e26cbe3f9) Importer(815301076,1909f56bfc062723c751e8b465ee728b)  -> (artifact id: '40daeaca5b0e217a235b4ccf2900c3a4') in 0.095391 seconds 
Number of asset objects unloaded after import = 3
========================================================================
Received Import Request.
  Time since last request: 0.000029 seconds.
  path: Assets/2D Racing Game/Sprites/UI/Stop 1.png
  artifactKey: Guid(5a7e2b420ffcc2b44bd77a33042d4543) Importer(815301076,1909f56bfc062723c751e8b465ee728b)
Number of updated assets reloaded before import = 0
Start importing Assets/2D Racing Game/Sprites/UI/Stop 1.png using Guid(5a7e2b420ffcc2b44bd77a33042d4543) Importer(815301076,1909f56bfc062723c751e8b465ee728b)  -> (artifact id: 'c619825d680672b46f6350dc4eee6f03') in 0.010943 seconds 
Number of asset objects unloaded after import = 3
========================================================================
Received Import Request.
  Time since last request: 0.000018 seconds.
  path: Assets/2D Racing Game/Sprites/UI/Gas.png
  artifactKey: Guid(34ed2081b53f4a0448128b6acc1fd37f) Importer(815301076,1909f56bfc062723c751e8b465ee728b)
Number of updated assets reloaded before import = 0
Start importing Assets/2D Racing Game/Sprites/UI/Gas.png using Guid(34ed2081b53f4a0448128b6acc1fd37f) Importer(815301076,1909f56bfc062723c751e8b465ee728b)  -> (artifact id: '55dba0173d19954884f4000e31d4ca11') in 0.014975 seconds 
Number of asset objects unloaded after import = 3
========================================================================
Received Import Request.
  Time since last request: 0.000017 seconds.
  path: Assets/2D Racing Game/Sprites/UI/Coin.png
  artifactKey: Guid(8cc5e74bc007d554bb6bebf9f347b3cb) Importer(815301076,1909f56bfc062723c751e8b465ee728b)
Number of updated assets reloaded before import = 0
Start importing Assets/2D Racing Game/Sprites/UI/Coin.png using Guid(8cc5e74bc007d554bb6bebf9f347b3cb) Importer(815301076,1909f56bfc062723c751e8b465ee728b)  -> (artifact id: '3d6f29f8b5d3869713f5d4c11520be8d') in 0.011212 seconds 
Number of asset objects unloaded after import = 3
========================================================================
Received Import Request.
  Time since last request: 0.000019 seconds.
  path: Assets/2D Racing Game/Sprites/UI/pin_marker 1.png
  artifactKey: Guid(467a494b612abb44eb19d8a672e84abf) Importer(815301076,1909f56bfc062723c751e8b465ee728b)
Number of updated assets reloaded before import = 0
Start importing Assets/2D Racing Game/Sprites/UI/pin_marker 1.png using Guid(467a494b612abb44eb19d8a672e84abf) Importer(815301076,1909f56bfc062723c751e8b465ee728b)  -> (artifact id: '7be47416dedd3f0cda436767a0fa5950') in 0.031422 seconds 
Number of asset objects unloaded after import = 3
========================================================================
Received Import Request.
  Time since last request: 0.000030 seconds.
  path: Assets/2D Racing Game/Sprites/UI/Stop.png
  artifactKey: Guid(2df9b4323cd02ba4980432e59278b373) Importer(815301076,1909f56bfc062723c751e8b465ee728b)
Number of updated assets reloaded before import = 0
Start importing Assets/2D Racing Game/Sprites/UI/Stop.png using Guid(2df9b4323cd02ba4980432e59278b373) Importer(815301076,1909f56bfc062723c751e8b465ee728b)  -> (artifact id: '4ab4840ca7d87e00c14cbd009cad13b2') in 0.008989 seconds 
Number of asset objects unloaded after import = 3
========================================================================
Received Import Request.
  Time since last request: 0.000016 seconds.
  path: Assets/2D Racing Game/Sprites/UI/autoproz-usa-bhn1-v9-093.png
  artifactKey: Guid(e283ca8539c90594f83cc6a7ff00934a) Importer(815301076,1909f56bfc062723c751e8b465ee728b)
Number of updated assets reloaded before import = 0
Start importing Assets/2D Racing Game/Sprites/UI/autoproz-usa-bhn1-v9-093.png using Guid(e283ca8539c90594f83cc6a7ff00934a) Importer(815301076,1909f56bfc062723c751e8b465ee728b)  -> (artifact id: '17d3dc97cf4887a6f329e7a41075da93') in 0.043225 seconds 
Number of asset objects unloaded after import = 3
========================================================================
Received Import Request.
  Time since last request: 0.000018 seconds.
  path: Assets/2D Racing Game/Sprites/UI/Brake.png
  artifactKey: Guid(17290f3ba7a1fd64786eb57a30907524) Importer(815301076,1909f56bfc062723c751e8b465ee728b)
Number of updated assets reloaded before import = 0
Start importing Assets/2D Racing Game/Sprites/UI/Brake.png using Guid(17290f3ba7a1fd64786eb57a30907524) Importer(815301076,1909f56bfc062723c751e8b465ee728b)  -> (artifact id: '551ab7559b4dee93d5b4a0a009e2394b') in 0.017533 seconds 
Number of asset objects unloaded after import = 3
========================================================================
Received Import Request.
  Time since last request: 0.000017 seconds.
  path: Assets/2D Racing Game/Sprites/UI/Fuel-icon.png
  artifactKey: Guid(2a24cd073847f1942901307a9509f3cd) Importer(815301076,1909f56bfc062723c751e8b465ee728b)
Number of updated assets reloaded before import = 0
Start importing Assets/2D Racing Game/Sprites/UI/Fuel-icon.png using Guid(2a24cd073847f1942901307a9509f3cd) Importer(815301076,1909f56bfc062723c751e8b465ee728b)  -> (artifact id: '2713ed3ef6f03ecfc937571124b546ea') in 0.015067 seconds 
Number of asset objects unloaded after import = 3
========================================================================
Received Import Request.
  Time since last request: 0.000018 seconds.
  path: Assets/2D Racing Game/Sprites/UI/Ruller.png
  artifactKey: Guid(b78f0e5e00e2fcc4899a5d0f74ae0d92) Importer(815301076,1909f56bfc062723c751e8b465ee728b)
Number of updated assets reloaded before import = 0
Start importing Assets/2D Racing Game/Sprites/UI/Ruller.png using Guid(b78f0e5e00e2fcc4899a5d0f74ae0d92) Importer(815301076,1909f56bfc062723c751e8b465ee728b)  -> (artifact id: '4604134edfa8b7e7e61a4feaf651938f') in 0.439018 seconds 
Number of asset objects unloaded after import = 3
========================================================================
Received Import Request.
  Time since last request: 23.843070 seconds.
  path: Assets/2D Racing Game/Sprites/Wheel/10.png
  artifactKey: Guid(c4bc4ecc6e650ad449430c31a27f699e) Importer(815301076,1909f56bfc062723c751e8b465ee728b)
Number of updated assets reloaded before import = 0
Start importing Assets/2D Racing Game/Sprites/Wheel/10.png using Guid(c4bc4ecc6e650ad449430c31a27f699e) Importer(815301076,1909f56bfc062723c751e8b465ee728b)  -> (artifact id: '7342f3651b8d85af6e1e25f14512590c') in 0.031027 seconds 
Number of asset objects unloaded after import = 3
========================================================================
Received Import Request.
  Time since last request: 2.311721 seconds.
  path: Assets/2D Racing Game/Sprites/SkyBox/Sky_Level_2.mat
  artifactKey: Guid(6f34f20ea5d72e443aec97febcc21e92) Importer(815301076,1909f56bfc062723c751e8b465ee728b)
Number of updated assets reloaded before import = 0
Start importing Assets/2D Racing Game/Sprites/SkyBox/Sky_Level_2.mat using Guid(6f34f20ea5d72e443aec97febcc21e92) Importer(815301076,1909f56bfc062723c751e8b465ee728b)  -> (artifact id: '4efc430f3f8a6125d57768337aa52304') in 0.077942 seconds 
Number of asset objects unloaded after import = 2
========================================================================
Received Import Request.
  Time since last request: 2.069069 seconds.
  path: Assets/2D Racing Game/Sprites/Menu/Button-Close-icon.png
  artifactKey: Guid(84b7ee2436b4a1e4bb6472a39d10b66a) Importer(815301076,1909f56bfc062723c751e8b465ee728b)
Number of updated assets reloaded before import = 0
Start importing Assets/2D Racing Game/Sprites/Menu/Button-Close-icon.png using Guid(84b7ee2436b4a1e4bb6472a39d10b66a) Importer(815301076,1909f56bfc062723c751e8b465ee728b)  -> (artifact id: '8aa3e166a22f1188ffa806127c0d4bcf') in 0.039884 seconds 
Number of asset objects unloaded after import = 3
========================================================================
Received Import Request.
  Time since last request: 0.000044 seconds.
  path: Assets/2D Racing Game/Sprites/Menu/Top 1.psd
  artifactKey: Guid(e9bace82ea84aae40a817792b92e28de) Importer(815301076,1909f56bfc062723c751e8b465ee728b)
Number of updated assets reloaded before import = 0
Start importing Assets/2D Racing Game/Sprites/Menu/Top 1.psd using Guid(e9bace82ea84aae40a817792b92e28de) Importer(815301076,1909f56bfc062723c751e8b465ee728b)  -> (artifact id: 'c9872386d3d45f0b34bb663b5db7650b') in 0.042434 seconds 
Number of asset objects unloaded after import = 3
========================================================================
Received Import Request.
  Time since last request: 0.000028 seconds.
  path: Assets/2D Racing Game/Sprites/Menu/Untitled-2 copy.png
  artifactKey: Guid(a305bd21a284a0140b095b42235c2273) Importer(815301076,1909f56bfc062723c751e8b465ee728b)
Number of updated assets reloaded before import = 0
Start importing Assets/2D Racing Game/Sprites/Menu/Untitled-2 copy.png using Guid(a305bd21a284a0140b095b42235c2273) Importer(815301076,1909f56bfc062723c751e8b465ee728b)  -> (artifact id: 'c5f86a4a42dc689f87c527e4f62c5929') in 0.022945 seconds 
Number of asset objects unloaded after import = 3
========================================================================
Received Import Request.
  Time since last request: 0.000033 seconds.
  path: Assets/2D Racing Game/Sprites/Menu/vehicle-wheel.png
  artifactKey: Guid(824bbdf77c9caf8408d2ba8fee9fa55a) Importer(815301076,1909f56bfc062723c751e8b465ee728b)
Number of updated assets reloaded before import = 0
Start importing Assets/2D Racing Game/Sprites/Menu/vehicle-wheel.png using Guid(824bbdf77c9caf8408d2ba8fee9fa55a) Importer(815301076,1909f56bfc062723c751e8b465ee728b)  -> (artifact id: 'faa8e08b7b5d868d81f74b8f7c43c767') in 0.048492 seconds 
Number of asset objects unloaded after import = 3
========================================================================
Received Import Request.
  Time since last request: 0.000111 seconds.
  path: Assets/2D Racing Game/Sprites/Menu/UpgradeMenu.psd
  artifactKey: Guid(58ee0b4d30393854cb5f20b781f0e522) Importer(815301076,1909f56bfc062723c751e8b465ee728b)
Number of updated assets reloaded before import = 0
Start importing Assets/2D Racing Game/Sprites/Menu/UpgradeMenu.psd using Guid(58ee0b4d30393854cb5f20b781f0e522) Importer(815301076,1909f56bfc062723c751e8b465ee728b)  -> (artifact id: '0f3c2a4b5308ce8ca74ac03a310e758a') in 0.110170 seconds 
Number of asset objects unloaded after import = 3
========================================================================
Received Import Request.
  Time since last request: 8.648366 seconds.
  path: Assets/2D Racing Game/Sprites/Menu/LevelIcons/3.png
  artifactKey: Guid(ff53884e7cc0ef648b820e65b9808e1a) Importer(815301076,1909f56bfc062723c751e8b465ee728b)
Number of updated assets reloaded before import = 0
Start importing Assets/2D Racing Game/Sprites/Menu/LevelIcons/3.png using Guid(ff53884e7cc0ef648b820e65b9808e1a) Importer(815301076,1909f56bfc062723c751e8b465ee728b)  -> (artifact id: '4a5b8c368ecdc0b10c2c7e9b75da6e44') in 0.050594 seconds 
Number of asset objects unloaded after import = 3
========================================================================
Received Import Request.
  Time since last request: 10.724618 seconds.
  path: Assets/2D Racing Game/Sprites/Menu/CarIcons/2.psd
  artifactKey: Guid(3ca02cab8b54ef7419b31c7782d0eb73) Importer(815301076,1909f56bfc062723c751e8b465ee728b)
Number of updated assets reloaded before import = 0
Start importing Assets/2D Racing Game/Sprites/Menu/CarIcons/2.psd using Guid(3ca02cab8b54ef7419b31c7782d0eb73) Importer(815301076,1909f56bfc062723c751e8b465ee728b)  -> (artifact id: '2a439ba37b172733fe7bc2a90459055f') in 0.049183 seconds 
Number of asset objects unloaded after import = 3
========================================================================
Received Import Request.
  Time since last request: 6.822441 seconds.
  path: Assets/2D Racing Game/Sprites/Menu/Buttons/Shop 2.psd
  artifactKey: Guid(fe80a83df764a964aa2918d4e09c42d8) Importer(815301076,1909f56bfc062723c751e8b465ee728b)
Number of updated assets reloaded before import = 0
Start importing Assets/2D Racing Game/Sprites/Menu/Buttons/Shop 2.psd using Guid(fe80a83df764a964aa2918d4e09c42d8) Importer(815301076,1909f56bfc062723c751e8b465ee728b)  -> (artifact id: '676528958a47c026e85a981e58296c5a') in 0.046460 seconds 
Number of asset objects unloaded after import = 3
Editor requested this worker to shutdown with reason: Scaling down because of idle timeout
AssetImportWorker is now disconnected from the server
Process exiting
Exiting without the bug reporter. Application will terminate with return code 0